<?xml version="1.0" encoding="UTF-8"?>
<!-- Generated by org.testng.reporters.JUnitXMLReporter -->
<testsuite hostname="DESKTOP-KJM0K5Q" ignored="0" name="Group 3" tests="3" failures="2" timestamp="2023-01-30T23:04:16 ICT" time="56.988" errors="0">
  <testcase name="testOrderCheapComputer" time="34.181" classname="test.order.TestOrderCheapComputer">
    <failure type="java.lang.AssertionError" message="expected [true] but found [false]">
      <![CDATA[java.lang.AssertionError: expected [true] but found [false]
at models.components.checkout.checkout_data.payment_info.MoneyOrderComponent.verifyMessage(MoneyOrderComponent.java:21)
at test_flows.order.OrderComputerTestFlow.inputPaymentInfo(OrderComputerTestFlow.java:207)
at test.order.TestOrderCheapComputer.testOrderCheapComputer(TestOrderCheapComputer.java:31)
at java.util.ArrayList.forEach(ArrayList.java:1259)
at java.util.concurrent.FutureTask.run(FutureTask.java:266)
at java.util.concurrent.ThreadPoolExecutor.runWorker(ThreadPoolExecutor.java:1149)
at java.util.concurrent.ThreadPoolExecutor$Worker.run(ThreadPoolExecutor.java:624)
at java.lang.Thread.run(Thread.java:750)
... Removed 22 stack frames]]>
    </failure>
  </testcase> <!-- testOrderCheapComputer -->
  <testcase name="testOrderCheapComputer" time="10.754" classname="test.order.TestOrderCheapComputer"/>
  <testcase name="testOrderCheapComputer" time="10.845" classname="test.order.TestOrderCheapComputer">
    <failure type="java.lang.AssertionError" message="expected [true] but found [false]">
      <![CDATA[java.lang.AssertionError: expected [true] but found [false]
at models.components.checkout.checkout_data.payment_info.MoneyOrderComponent.verifyMessage(MoneyOrderComponent.java:21)
at test_flows.order.OrderComputerTestFlow.inputPaymentInfo(OrderComputerTestFlow.java:207)
at test.order.TestOrderCheapComputer.testOrderCheapComputer(TestOrderCheapComputer.java:31)
at java.util.ArrayList.forEach(ArrayList.java:1259)
at java.util.concurrent.FutureTask.run(FutureTask.java:266)
at java.util.concurrent.ThreadPoolExecutor.runWorker(ThreadPoolExecutor.java:1149)
at java.util.concurrent.ThreadPoolExecutor$Worker.run(ThreadPoolExecutor.java:624)
at java.lang.Thread.run(Thread.java:750)
... Removed 22 stack frames]]>
    </failure>
  </testcase> <!-- testOrderCheapComputer -->
</testsuite> <!-- Group 3 -->
